
Processing: What is the 2025 fortune forecast for those born in the Year of the Monkey in 1944?
Generated content for: What is the 2025 fortune forecast for those born in the Year of the Monkey in 1944?
Slug: 1944-monkey-fortune-forecast-2025
Meta title: 2025 Forecast for 1944 Birth Year: Wood Monkey Zodiac Predictions
Content length: 5557 characters

Processing: What is the 2025 fortune forecast for those born in the Year of the Rooster in 1945?
Generated content for: What is the 2025 fortune forecast for those born in the Year of the Rooster in 1945?
Slug: 1945-rooster-fortune-forecast-2025
Meta title: 1945 Wood Rooster 2025 Forecast: Career, Health & Wealth Predictions
Content length: 5565 characters

Processing: What is the 2025 fortune forecast for those born in the Year of the Dog in 1946?
Generated content for: What is the 2025 fortune forecast for those born in the Year of the Dog in 1946?
Slug: 1946-dog-fortune-forecast-2025
Meta title: 2025 Forecast for 1946 Fire Dogs: Zodiac Insights & Predictions
Content length: 5183 characters

Processing: What is the 2025 fortune forecast for those born in the Year of the Pig in 1947?
Generated content for: What is the 2025 fortune forecast for those born in the Year of the Pig in 1947?
Slug: 1947-pig-fortune-forecast-2025
Meta title: 1947 Fire Pig 2025 Forecast: Zodiac Sign & Birth Year Predictions
Content length: 5667 characters

Processing: What is the 2025 fortune forecast for those born in the Year of the Rat in 1948?
Generated content for: What is the 2025 fortune forecast for those born in the Year of the Rat in 1948?
Slug: 1948-rat-fortune-forecast-2025
Meta title: 1948 Earth Rat 2025 Forecast: Zodiac Sign & Birth Year Predictions
Content length: 5290 characters

Processing: What is the 2025 fortune forecast for those born in the Year of the Ox in 1949?
Generated content for: What is the 2025 fortune forecast for those born in the Year of the Ox in 1949?
Slug: 1949-ox-fortune-forecast-2025
Meta title: 2025 Forecast for 1949 Earth Ox Birth Years: Zodiac Predictions
Content length: 6183 characters

Processing: What is the 2025 fortune forecast for those born in the Year of the Tiger in 1950?
Generated content for: What is the 2025 fortune forecast for those born in the Year of the Tiger in 1950?
Slug: 1950-tiger-fortune-forecast-2025
Meta title: 2025 Forecast for 1950 Metal Tiger Birth Year
Content length: 6482 characters

Processing: What is the 2025 fortune forecast for those born in the Year of the Rabbit in 1951?
Generated content for: What is the 2025 fortune forecast for those born in the Year of the Rabbit in 1951?
Slug: 1951-rabbit-fortune-forecast-2025
Meta title: 2025 Forecast for 1951 Metal Rabbit Birth Year
Content length: 5121 characters

Processing: What is the 2025 fortune forecast for those born in the Year of the Dragon in 1952?
Generated content for: What is the 2025 fortune forecast for those born in the Year of the Dragon in 1952?
Slug: 1952-dragon-fortune-forecast-2025
Meta title: 1952 Water Dragon 2025 Forecast: Zodiac Sign Predictions by Birth Year
Content length: 5119 characters

Processing: What is the 2025 fortune forecast for those born in the Year of the Snake in 1953?
Generated content for: What is the 2025 fortune forecast for those born in the Year of the Snake in 1953?
Slug: 1953-snake-fortune-forecast-2025
Meta title: 1953 Birth Year: Water Snake 2025 Zodiac Forecast
Content length: 6054 characters

Processing: What is the 2025 fortune forecast for those born in the Year of the Horse in 1954?
Generated content for: What is the 2025 fortune forecast for those born in the Year of the Horse in 1954?
Slug: 1954-horse-fortune-forecast-2025
Meta title: 1954 Wood Horse 2025 Zodiac Forecast: Career, Wealth & Health
Content length: 4960 characters

Processing: What is the 2025 fortune forecast for those born in the Year of the Goat in 1955?
Generated content for: What is the 2025 fortune forecast for those born in the Year of the Goat in 1955?
Slug: 1955-goat-fortune-forecast-2025
Meta title: 2025 Forecast for 1955 Birth Year: Wood Goat Zodiac Predictions
Content length: 5898 characters

Processing: What is the 2025 fortune forecast for those born in the Year of the Monkey in 1956?
Generated content for: What is the 2025 fortune forecast for those born in the Year of the Monkey in 1956?
Slug: 1956-monkey-fortune-forecast-2025
Meta title: 2025 Forecast for 1956 Fire Monkey Birth Years
Content length: 5710 characters

Processing: What is the 2025 fortune forecast for those born in the Year of the Rooster in 1957?
Generated content for: What is the 2025 fortune forecast for those born in the Year of the Rooster in 1957?
Slug: 1957-rooster-fortune-forecast-2025
Meta title: 2025 Forecast for 1957 Fire Roosters: Zodiac Predictions by Birth Year
Content length: 6163 characters

Processing: What is the 2025 fortune forecast for those born in the Year of the Dog in 1958?
Generated content for: What is the 2025 fortune forecast for those born in the Year of the Dog in 1958?
Slug: 1958-dog-fortune-forecast-2025
Meta title: 1958 Birth Year: Earth Dog 2025 Zodiac Forecast
Content length: 5775 characters

Processing: What is the 2025 fortune forecast for those born in the Year of the Pig in 1959?
Generated content for: What is the 2025 fortune forecast for those born in the Year of the Pig in 1959?
Slug: 1959-pig-fortune-forecast-2025
Meta title: 1959 Birth Year Zodiac Forecast: Earth Pig 2025 Predictions
Content length: 5096 characters

Processing: What is the 2025 fortune forecast for those born in the Year of the Rat in 1960?
Generated content for: What is the 2025 fortune forecast for those born in the Year of the Rat in 1960?
Slug: 1960-rat-fortune-forecast-2025
Meta title: 2025 Forecast for 1960 Metal Rats: Zodiac Sign Predictions
Content length: 5778 characters

Processing: What is the 2025 fortune forecast for those born in the Year of the Ox in 1961?
Generated content for: What is the 2025 fortune forecast for those born in the Year of the Ox in 1961?
Slug: 1961-ox-fortune-forecast-2025
Meta title: 1961 Metal Ox 2025 Forecast: Zodiac Sign & Birth Year Predictions
Content length: 5581 characters

Processing: What is the 2025 fortune forecast for those born in the Year of the Tiger in 1962?
Generated content for: What is the 2025 fortune forecast for those born in the Year of the Tiger in 1962?
Slug: 1962-tiger-fortune-forecast-2025
Meta title: 1962 Water Tiger 2025 Forecast: Zodiac Sign & Birth Year Insights
Content length: 5168 characters

Processing: What is the 2025 fortune forecast for those born in the Year of the Rabbit in 1963?
Generated content for: What is the 2025 fortune forecast for those born in the Year of the Rabbit in 1963?
Slug: 1963-rabbit-fortune-forecast-2025
Meta title: 1963 Water Rabbit 2025 Forecast: Zodiac Predictions by Birth Year
Content length: 4877 characters

Processing: What is the 2025 fortune forecast for those born in the Year of the Dragon in 1964?
Generated content for: What is the 2025 fortune forecast for those born in the Year of the Dragon in 1964?
Slug: 1964-dragon-fortune-forecast-2025
Meta title: 1964 Wood Dragon 2025 Forecast: Zodiac Predictions by Birth Year
Content length: 4625 characters

Processing: What is the 2025 fortune forecast for those born in the Year of the Snake in 1965?
Generated content for: What is the 2025 fortune forecast for those born in the Year of the Snake in 1965?
Slug: 1965-snake-fortune-forecast-2025
Meta title: 1965 Wood Snake 2025 Forecast: Growth, Career & Fortune
Content length: 5776 characters

Processing: What is the 2025 fortune forecast for those born in the Year of the Horse in 1966?
Generated content for: What is the 2025 fortune forecast for those born in the Year of the Horse in 1966?
Slug: 1966-horse-fortune-forecast-2025
Meta title: 1966 Fire Horse 2025 Forecast: Zodiac Sign Predictions by Birth Year
Content length: 4873 characters

Processing: What is the 2025 fortune forecast for those born in the Year of the Goat in 1967?
Generated content for: What is the 2025 fortune forecast for those born in the Year of the Goat in 1967?
Slug: 1967-goat-fortune-forecast-2025
Meta title: 1967 Fire Goat 2025 Forecast: Zodiac Sign Predictions by Birth Year
Content length: 5727 characters

Processing: What is the 2025 fortune forecast for those born in the Year of the Monkey in 1968?
Generated content for: What is the 2025 fortune forecast for those born in the Year of the Monkey in 1968?
Slug: 1968-monkey-fortune-forecast-2025
Meta title: 1968 Earth Monkey 2025 Forecast: Zodiac Sign Predictions by Birth Year
Content length: 5958 characters

Processing: What is the 2025 fortune forecast for those born in the Year of the Rooster in 1969?
Generated content for: What is the 2025 fortune forecast for those born in the Year of the Rooster in 1969?
Slug: 1969-rooster-fortune-forecast-2025
Meta title: 1969 Rooster 2025 Forecast: Zodiac Birth Year Predictions
Content length: 5377 characters

Processing: What is the 2025 fortune forecast for those born in the Year of the Dog in 1970?
Generated content for: What is the 2025 fortune forecast for those born in the Year of the Dog in 1970?
Slug: 1970-dog-fortune-forecast-2025
Meta title: 2025 Forecast for 1970 Metal Dog Zodiac: Career, Love & Health
Content length: 4754 characters

Processing: What is the 2025 fortune forecast for those born in the Year of the Pig in 1971?
Generated content for: What is the 2025 fortune forecast for those born in the Year of the Pig in 1971?
Slug: 1971-pig-fortune-forecast-2025
Meta title: 2025 Forecast for 1971 Metal Pigs: Zodiac Insights by Birth Year
Content length: 5987 characters

Processing: What is the 2025 fortune forecast for those born in the Year of the Rat in 1972?
Generated content for: What is the 2025 fortune forecast for those born in the Year of the Rat in 1972?
Slug: 1972-rat-fortune-forecast-2025
Meta title: 1972 Water Rat 2025 Forecast: Zodiac Sign & Birth Year Predictions
Content length: 5499 characters

Processing: What is the 2025 fortune forecast for those born in the Year of the Ox in 1973?
Generated content for: What is the 2025 fortune forecast for those born in the Year of the Ox in 1973?
Slug: 1973-ox-fortune-forecast-2025
Meta title: 1973 Water Ox 2025 Forecast: Zodiac Sign Predictions by Birth Year
Content length: 5413 characters

Processing: What is the 2025 fortune forecast for those born in the Year of the Tiger in 1974?
Generated content for: What is the 2025 fortune forecast for those born in the Year of the Tiger in 1974?
Slug: 1974-tiger-fortune-forecast-2025
Meta title: 1974 Wood Tiger 2025 Zodiac Forecast: Career, Love & Wealth
Content length: 5231 characters

Processing: What is the 2025 fortune forecast for those born in the Year of the Rabbit in 1975?
Generated content for: What is the 2025 fortune forecast for those born in the Year of the Rabbit in 1975?
Slug: 1975-rabbit-fortune-forecast-2025
Meta title: 1975 Wood Rabbit 2025 Forecast: Zodiac Sign Predictions by Birth Year
Content length: 5246 characters

Processing: What is the 2025 fortune forecast for those born in the Year of the Dragon in 1976?
Generated content for: What is the 2025 fortune forecast for those born in the Year of the Dragon in 1976?
Slug: 1976-dragon-fortune-forecast-2025
Meta title: 1976 Fire Dragon 2025 Forecast: Zodiac Sign & Birth Year Predictions
Content length: 5099 characters

Processing: What is the 2025 fortune forecast for those born in the Year of the Snake in 1977?
Generated content for: What is the 2025 fortune forecast for those born in the Year of the Snake in 1977?
Slug: 1977-snake-fortune-forecast-2025
Meta title: 2025 Forecast for 1977 Birth Year Snake Zodiac
Content length: 5856 characters

Processing: What is the 2025 fortune forecast for those born in the Year of the Horse in 1978?
Generated content for: What is the 2025 fortune forecast for those born in the Year of the Horse in 1978?
Slug: 1978-horse-fortune-forecast-2025
Meta title: 2025 Forecast for 1978 Earth Horse Zodiac Sign
Content length: 5849 characters

Processing: What is the 2025 fortune forecast for those born in the Year of the Goat in 1979?
Generated content for: What is the 2025 fortune forecast for those born in the Year of the Goat in 1979?
Slug: 1979-goat-fortune-forecast-2025
Meta title: 2025 Forecast for 1979 Earth Goats: Zodiac Predictions
Content length: 5511 characters

Processing: What is the 2025 fortune forecast for those born in the Year of the Monkey in 1980?
Generated content for: What is the 2025 fortune forecast for those born in the Year of the Monkey in 1980?
Slug: 1980-monkey-fortune-forecast-2025
Meta title: 1980 Metal Monkey 2025 Forecast: Zodiac Sign & Birth Year Insights
Content length: 5184 characters

Processing: What is the 2025 fortune forecast for those born in the Year of the Rooster in 1981?
Generated content for: What is the 2025 fortune forecast for those born in the Year of the Rooster in 1981?
Slug: 1981-rooster-fortune-forecast-2025
Meta title: 1981 Metal Rooster 2025 Forecast: Career, Wealth & Love Predictions
Content length: 5366 characters

Processing: What is the 2025 fortune forecast for those born in the Year of the Dog in 1982?
Generated content for: What is the 2025 fortune forecast for those born in the Year of the Dog in 1982?
Slug: 1982-dog-fortune-forecast-2025
Meta title: 1982 Water Dog 2025 Forecast: Zodiac Predictions by Birth Year
Content length: 4990 characters

Processing: What is the 2025 fortune forecast for those born in the Year of the Pig in 1983?
Generated content for: What is the 2025 fortune forecast for those born in the Year of the Pig in 1983?
Slug: 1983-pig-fortune-forecast-2025
Meta title: 1983 Water Pig 2025 Forecast: Zodiac Sign Predictions by Birth Year
Content length: 4877 characters

Processing: What is the 2025 fortune forecast for those born in the Year of the Rat in 1984?
Generated content for: What is the 2025 fortune forecast for those born in the Year of the Rat in 1984?
Slug: 1984-rat-fortune-forecast-2025
Meta title: 1984 Wood Rat 2025 Forecast: Zodiac Predictions by Birth Year
Content length: 5152 characters

Processing: What is the 2025 fortune forecast for those born in the Year of the Ox in 1985?
Generated content for: What is the 2025 fortune forecast for those born in the Year of the Ox in 1985?
Slug: 1985-ox-fortune-forecast-2025
Meta title: 1985 Wood Ox 2025 Forecast: Zodiac Predictions by Birth Year
Content length: 5323 characters

Processing: What is the 2025 fortune forecast for those born in the Year of the Tiger in 1986?
Generated content for: What is the 2025 fortune forecast for those born in the Year of the Tiger in 1986?
Slug: 1986-tiger-fortune-forecast-2025
Meta title: 1986 Fire Tiger 2025 Forecast: Zodiac Signs & Birth Year Predictions
Content length: 5400 characters

Processing: What is the 2025 fortune forecast for those born in the Year of the Rabbit in 1987?
Generated content for: What is the 2025 fortune forecast for those born in the Year of the Rabbit in 1987?
Slug: 1987-rabbit-fortune-forecast-2025
Meta title: 1987 Fire Rabbit 2025 Zodiac Forecast: Career, Love & Wealth Predictions
Content length: 5493 characters

Processing: What is the 2025 fortune forecast for those born in the Year of the Dragon in 1988?
Generated content for: What is the 2025 fortune forecast for those born in the Year of the Dragon in 1988?
Slug: 1988-dragon-fortune-forecast-2025
Meta title: 1988 Earth Dragon 2025 Forecast: Zodiac Signs & Birth Year Insights
Content length: 5456 characters

Processing: What is the 2025 fortune forecast for those born in the Year of the Snake in 1989?
Generated content for: What is the 2025 fortune forecast for those born in the Year of the Snake in 1989?
Slug: 1989-snake-fortune-forecast-2025
Meta title: 1989 Earth Snake 2025 Forecast: Career, Love & Wealth Predictions
Content length: 4924 characters

Processing: What is the 2025 fortune forecast for those born in the Year of the Horse in 1990?
Generated content for: What is the 2025 fortune forecast for those born in the Year of the Horse in 1990?
Slug: 1990-horse-fortune-forecast-2025
Meta title: 1990 Metal Horse 2025 Zodiac Forecast: Career, Love & Wealth
Content length: 5320 characters

Processing: What is the 2025 fortune forecast for those born in the Year of the Goat in 1991?
Generated content for: What is the 2025 fortune forecast for those born in the Year of the Goat in 1991?
Slug: 1991-goat-fortune-forecast-2025
Meta title: 1991 Metal Goat 2025 Forecast: Zodiac Sign Predictions by Birth Year
Content length: 5748 characters

Processing: What is the 2025 fortune forecast for those born in the Year of the Monkey in 1992?
Generated content for: What is the 2025 fortune forecast for those born in the Year of the Monkey in 1992?
Slug: 1992-monkey-fortune-forecast-2025
Meta title: 1992 Water Monkey 2025 Forecast: Zodiac Sign Predictions by Birth Year
Content length: 5986 characters

Processing: What is the 2025 fortune forecast for those born in the Year of the Rooster in 1993?
Generated content for: What is the 2025 fortune forecast for those born in the Year of the Rooster in 1993?
Slug: 1993-rooster-fortune-forecast-2025
Meta title: 1993 Water Rooster 2025 Forecast: Career, Wealth & Love Predictions
Content length: 5339 characters

Processing: What is the 2025 fortune forecast for those born in the Year of the Dog in 1994?
Generated content for: What is the 2025 fortune forecast for those born in the Year of the Dog in 1994?
Slug: 1994-dog-fortune-forecast-2025
Meta title: 1994 Wood Dog 2025 Forecast: Zodiac Predictions by Birth Year
Content length: 5291 characters

Processing: What is the 2025 fortune forecast for those born in the Year of the Pig in 1995?
Generated content for: What is the 2025 fortune forecast for those born in the Year of the Pig in 1995?
Slug: 1995-pig-fortune-forecast-2025
Meta title: 1995 Wood Pig 2025 Forecast: Zodiac Sign & Birth Year Predictions
Content length: 5397 characters

Processing: What is the 2025 fortune forecast for those born in the Year of the Rat in 1996?
Generated content for: What is the 2025 fortune forecast for those born in the Year of the Rat in 1996?
Slug: 1996-rat-fortune-forecast-2025
Meta title: 1996 Fire Rat 2025 Zodiac Forecast: Career, Love & Wealth Predictions
Content length: 4952 characters

Processing: What is the 2025 fortune forecast for those born in the Year of the Ox in 1997?
Generated content for: What is the 2025 fortune forecast for those born in the Year of the Ox in 1997?
Slug: 1997-ox-fortune-forecast-2025
Meta title: 1997 Fire Ox 2025 Forecast: Zodiac Birth Year Predictions
Content length: 5448 characters

Processing: What is the 2025 fortune forecast for those born in the Year of the Tiger in 1998?
Generated content for: What is the 2025 fortune forecast for those born in the Year of the Tiger in 1998?
Slug: 1998-tiger-fortune-forecast-2025
Meta title: 1998 Earth Tiger 2025 Forecast: Zodiac Predictions by Birth Year
Content length: 5633 characters

Processing: What is the 2025 fortune forecast for those born in the Year of the Rabbit in 1999?
Generated content for: What is the 2025 fortune forecast for those born in the Year of the Rabbit in 1999?
Slug: 1999-rabbit-fortune-forecast-2025
Meta title: 1999 Earth Rabbit 2025 Forecast: Zodiac Predictions by Birth Year
Content length: 4855 characters

Processing: What is the 2025 fortune forecast for those born in the Year of the Dragon in 2000?
Generated content for: What is the 2025 fortune forecast for those born in the Year of the Dragon in 2000?
Slug: 2000-dragon-fortune-forecast-2025
Meta title: 2000 Metal Dragon 2025 Forecast: Zodiac Sign Predictions by Birth Year
Content length: 5992 characters

Processing: What is the 2025 fortune forecast for those born in the Year of the Snake in 2001?
Generated content for: What is the 2025 fortune forecast for those born in the Year of the Snake in 2001?
Slug: 2001-snake-fortune-forecast-2025
Meta title: 2001 Metal Snake 2025 Forecast: Zodiac Predictions by Birth Year
Content length: 5032 characters

Processing: What is the 2025 fortune forecast for those born in the Year of the Horse in 2002?
Generated content for: What is the 2025 fortune forecast for those born in the Year of the Horse in 2002?
Slug: 2002-horse-fortune-forecast-2025
Meta title: 2002 Water Horse 2025 Forecast: Zodiac Predictions by Birth Year
Content length: 5861 characters

Processing: What is the 2025 fortune forecast for those born in the Year of the Goat in 2003?
Generated content for: What is the 2025 fortune forecast for those born in the Year of the Goat in 2003?
Slug: 2003-goat-fortune-forecast-2025
Meta title: 2025 Forecast for 2003 Birth Year: Water Goat Zodiac Predictions
Content length: 4712 characters

Processing: What is the 2025 fortune forecast for those born in the Year of the Monkey in 2004?
Generated content for: What is the 2025 fortune forecast for those born in the Year of the Monkey in 2004?
Slug: 2004-monkey-fortune-forecast-2025
Meta title: 2004 Wood Monkey 2025 Forecast: Zodiac Signs & Birth Year Insights
Content length: 5504 characters

Processing: What is the 2025 fortune forecast for those born in the Year of the Rooster in 2005?
Generated content for: What is the 2025 fortune forecast for those born in the Year of the Rooster in 2005?
Slug: 2005-rooster-fortune-forecast-2025
Meta title: 2005 Wood Rooster 2025 Forecast: Zodiac Predictions by Birth Year
Content length: 5330 characters

Processing: What is the 2025 fortune forecast for those born in the Year of the Dog in 2006?
Generated content for: What is the 2025 fortune forecast for those born in the Year of the Dog in 2006?
Slug: 2006-dog-fortune-forecast-2025
Meta title: 2006 Fire Dog 2025 Zodiac Forecast: Career, Wealth & Love Predictions
Content length: 4973 characters

Processing: What is the 2025 fortune forecast for those born in the Year of the Pig in 2007?
Generated content for: What is the 2025 fortune forecast for those born in the Year of the Pig in 2007?
Slug: 2007-pig-fortune-forecast-2025
Meta title: 2007 Fire Pig 2025 Forecast: Zodiac Predictions by Birth Year
Content length: 5810 characters

Processing: What is the 2025 fortune forecast for those born in the Year of the Rat in 2008?
Generated content for: What is the 2025 fortune forecast for those born in the Year of the Rat in 2008?
Slug: 2008-rat-fortune-forecast-2025
Meta title: 2008 Earth Rat 2025 Zodiac Forecast: Birth Year Insights
Content length: 5379 characters

Processing: What is the 2025 fortune forecast for those born in the Year of the Ox in 2009?
Generated content for: What is the 2025 fortune forecast for those born in the Year of the Ox in 2009?
Slug: 2009-ox-fortune-forecast-2025
Meta title: 2009 Earth Ox 2025 Forecast: Zodiac Predictions by Birth Year
Content length: 4905 characters

Processing: What is the 2025 fortune forecast for those born in the Year of the Tiger in 2010?
Generated content for: What is the 2025 fortune forecast for those born in the Year of the Tiger in 2010?
Slug: 2010-tiger-fortune-forecast-2025
Meta title: 2010 Metal Tiger 2025 Zodiac Forecast: Career, Love & Luck
Content length: 4296 characters

Processing: What is the 2025 fortune forecast for those born in the Year of the Rabbit in 2011?
Generated content for: What is the 2025 fortune forecast for those born in the Year of the Rabbit in 2011?
Slug: 2011-rabbit-fortune-forecast-2025
Meta title: 2011 Metal Rabbit 2025 Forecast: Zodiac Sign & Birth Year Insights
Content length: 5321 characters

Processing: What is the 2025 fortune forecast for those born in the Year of the Dragon in 2012?
Generated content for: What is the 2025 fortune forecast for those born in the Year of the Dragon in 2012?
Slug: 2012-dragon-fortune-forecast-2025
Meta title: 2012 Water Dragon 2025 Forecast: Zodiac Predictions by Birth Year
Content length: 4353 characters

Processing: What is the 2025 fortune forecast for those born in the Year of the Snake in 2013?
Generated content for: What is the 2025 fortune forecast for those born in the Year of the Snake in 2013?
Slug: 2013-snake-fortune-forecast-2025
Meta title: 2025 Forecast for 2013 Birth Year: Water Snake Zodiac Predictions
Content length: 5846 characters

Processing: What is the 2025 fortune forecast for those born in the Year of the Horse in 2014?
Generated content for: What is the 2025 fortune forecast for those born in the Year of the Horse in 2014?
Slug: 2014-horse-fortune-forecast-2025
Meta title: 2014 Birth Year Wood Horse 2025 Forecast
Content length: 5643 characters

Processing: What is the 2025 fortune forecast for those born in the Year of the Goat in 2015?
Generated content for: What is the 2025 fortune forecast for those born in the Year of the Goat in 2015?
Slug: 2015-goat-fortune-forecast-2025
Meta title: 2015 Wood Goat 2025 Zodiac Forecast: Growth & Harmony
Content length: 4799 characters

Processing: What is the 2025 fortune forecast for those born in the Year of the Monkey in 2016?
Generated content for: What is the 2025 fortune forecast for those born in the Year of the Monkey in 2016?
Slug: 2016-monkey-fortune-forecast-2025
Meta title: 2025 Forecast for Fire Monkey Birth Years: Zodiac Insights
Content length: 5132 characters

Processing: What is the 2025 fortune forecast for those born in the Year of the Rooster in 2017?
Generated content for: What is the 2025 fortune forecast for those born in the Year of the Rooster in 2017?
Slug: 2017-rooster-fortune-forecast-2025
Meta title: 2025 Forecast for Fire Roosters Born in 2017
Content length: 5260 characters

Processing: What is the 2025 fortune forecast for those born in the Year of the Dog in 2018?
Generated content for: What is the 2025 fortune forecast for those born in the Year of the Dog in 2018?
Slug: 2018-dog-fortune-forecast-2025
Meta title: 2018 Birth Year Dog Zodiac 2025 Forecast
Content length: 5223 characters

Processing: What is the 2025 fortune forecast for those born in the Year of the Pig in 2019?
Generated content for: What is the 2025 fortune forecast for those born in the Year of the Pig in 2019?
Slug: 2019-pig-fortune-forecast-2025
Meta title: 2025 Forecast for 2019 Earth Pig: Zodiac Sign Predictions
Content length: 6021 characters

Processing: What is the 2025 fortune forecast for those born in the Year of the Rat in 2020?
Generated content for: What is the 2025 fortune forecast for those born in the Year of the Rat in 2020?
Slug: 2020-rat-fortune-forecast-2025
Meta title: 2020 Birth Year: Metal Rat 2025 Zodiac Forecast
Content length: 4653 characters

Processing: What is the 2025 fortune forecast for those born in the Year of the Ox in 2021?
Generated content for: What is the 2025 fortune forecast for those born in the Year of the Ox in 2021?
Slug: 2021-ox-fortune-forecast-2025
Meta title: 2025 Forecast for 2021 Birth Year: Metal Ox Zodiac Predictions
Content length: 5328 characters

Processing: What is the 2025 fortune forecast for those born in the Year of the Tiger in 2022?
Generated content for: What is the 2025 fortune forecast for those born in the Year of the Tiger in 2022?
Slug: 2022-tiger-fortune-forecast-2025
Meta title: 2025 Forecast for Tiger Birth Years: Zodiac Signs Predictions
Content length: 5586 characters

Processing: What is the 2025 fortune forecast for those born in the Year of the Rabbit in 2023?
Generated content for: What is the 2025 fortune forecast for those born in the Year of the Rabbit in 2023?
Slug: 2023-rabbit-fortune-forecast-2025
Meta title: 2025 Forecast for Rabbit Zodiac Born in 1987, 1999, 2011
Content length: 6041 characters
Content generation completed at 2025-03-17T10:01:45.121Z
